Arguments: 
  /Users/dquock/.nvm/versions/node/v8.15.0/bin/node /usr/local/Cellar/yarn/1.16.0/libexec/bin/yarn.js install

PATH: 
  /Users/dquock/.pyenv/shims:/Users/dquock/.pyenv/bin:/usr/local/opt/python/libexec/bin:/usr/local/sbin:/Users/dquock/.nvm/versions/node/v8.15.0/bin:/usr/local/bin:/usr/bin:/bin:/usr/sbin:/sbin:/Users/dquock/.rvm/bin

Yarn version: 
  1.16.0

Node version: 
  8.15.0

Platform: 
  darwin x64

Trace: 
  Error: getaddrinfo ENOTFOUND npm.paypal.com npm.paypal.com:80
      at GetAddrInfoReqWrap.onlookup [as oncomplete] (dns.js:67:26)

npm manifest: 
  {
    "main": "node_modules/expo/AppEntry.js",
    "scripts": {
      "start": "expo start",
      "android": "expo start --android",
      "ios": "expo start --ios",
      "eject": "expo eject",
      "test": "node ./node_modules/jest/bin/jest.js --watchAll"
    },
    "jest": {
      "preset": "jest-expo"
    },
    "dependencies": {
      "@expo/samples": "2.1.1",
      "expo": "^32.0.0",
      "react": "16.5.0",
      "react-native": "https://github.com/expo/react-native/archive/sdk-32.0.0.tar.gz",
      "react-navigation": "^3.0.9"
    },
    "devDependencies": {
      "babel-preset-expo": "^5.0.0",
      "jest-expo": "^32.0.0"
    },
    "private": true
  }

yarn manifest: 
  No manifest

Lockfile: 
  No lockfile
